==============================================================
Vitis HLS - High-Level Synthesis from C, C++ and OpenCL v2021.1 (64-bit)
Copyright 1986-2021 Xilinx, Inc. All Rights Reserved.
==============================================================
INFO: [HLS 200-1505] Using flow_target 'vitis'
INFO: [HLS 200-435] Setting 'open_solution -flow_target vitis' configuration: config_interface -m_axi_latency=64
INFO: [HLS 200-435] Setting 'open_solution -flow_target vitis' configuration: config_interface -m_axi_alignment_byte_size=64
INFO: [HLS 200-435] Setting 'open_solution -flow_target vitis' configuration: config_interface -m_axi_max_widen_bitwidth=512
INFO: [HLS 200-435] Setting 'open_solution -flow_target vitis' configuration: config_rtl -register_reset_num=3
INFO: [HLS 200-1510] Running: set_part xcvu9p-flga2104-2-i 
INFO: [HLS 200-1611] Setting target device to 'xcvu9p-flga2104-2-i'
INFO: [HLS 200-1510] Running: create_clock -period 5 
INFO: [SYN 201-201] Setting up clock 'default' with a period of 5ns.
INFO: [HLS 200-1510] Running: csim_design 
INFO: [SIM 211-2] *************** CSIM start ***************
INFO: [SIM 211-4] CSIM will launch GCC as the compiler.
INFO: [SIM 211-1] CSim done with 0 errors.
INFO: [SIM 211-3] *************** CSIM finish ***************
INFO: [HLS 200-111] Finished Command csim_design CPU user time: 3.91 seconds. CPU system time: 0.78 seconds. Elapsed time: 3.74 seconds; current allocated memory: 250.766 MB.
INFO: [HLS 200-1510] Running: csynth_design 
INFO: [HLS 200-111] Finished File checks and directory preparation: CPU user time: 0 seconds. CPU system time: 0 seconds. Elapsed time: 0.01 seconds; current allocated memory: 251.019 MB.
INFO: [HLS 200-10] Analyzing design file 'example.cpp' ... 
WARNING: [HLS 207-5528] Ignore interface attribute or pragma which is not used in top function: example.cpp:56:9
WARNING: [HLS 207-5301] unused parameter 'print': /home/u200/Xilinx/Vitis_HLS/2021.1/common/technology/autopilot/ap_int_base.h:792:16
INFO: [HLS 200-111] Finished Source Code Analysis and Preprocessing: CPU user time: 3.95 seconds. CPU system time: 0.55 seconds. Elapsed time: 4.49 seconds; current allocated memory: 252.765 MB.
INFO: [HLS 200-777] Using interface defaults for 'Vitis' flow target.
INFO: [HLS 214-279] Initial Interval estimation mode is set into default.
INFO: [HLS 214-284] Auto array partition mode is set into default.
INFO: [HLS 214-131] Inlining function 'hls::stream<data, 0>::stream()' into 'hls::stream<data, 4096>::stream()' (/home/u200/Xilinx/Vitis_HLS/2021.1/common/technology/autopilot/hls_stream_39.h:198:43)
INFO: [HLS 214-131] Inlining function 'hls::stream<int, 0>::stream()' into 'hls::stream<int, 64>::stream()' (/home/u200/Xilinx/Vitis_HLS/2021.1/common/technology/autopilot/hls_stream_39.h:198:43)
INFO: [HLS 214-131] Inlining function 'hls::axis<ap_uint<64>, 0ul, 0ul, 0ul>::get_user_ptr()' into 'hls::stream<hls::axis<ap_uint<64>, 0ul, 0ul, 0ul>, 0>::read()' (/home/u200/Xilinx/Vitis_HLS/2021.1/common/technology/autopilot/ap_axi_sdata.h:293:50)
INFO: [HLS 214-131] Inlining function 'hls::axis<ap_uint<64>, 0ul, 0ul, 0ul>::get_dest_ptr()' into 'hls::stream<hls::axis<ap_uint<64>, 0ul, 0ul, 0ul>, 0>::read()' (/home/u200/Xilinx/Vitis_HLS/2021.1/common/technology/autopilot/ap_axi_sdata.h:296:25)
INFO: [HLS 214-131] Inlining function 'hls::axis<ap_uint<64>, 0ul, 0ul, 0ul>::get_id_ptr()' into 'hls::stream<hls::axis<ap_uint<64>, 0ul, 0ul, 0ul>, 0>::read()' (/home/u200/Xilinx/Vitis_HLS/2021.1/common/technology/autopilot/ap_axi_sdata.h:295:67)
INFO: [HLS 214-131] Inlining function 'hls::axis<ap_uint<64>, 0ul, 0ul, 0ul>::get_user_ptr()' into 'hls::stream<hls::axis<ap_uint<64>, 0ul, 0ul, 0ul>, 0>::read()' (/home/u200/Xilinx/Vitis_HLS/2021.1/common/technology/autopilot/ap_axi_sdata.h:295:36)
INFO: [HLS 214-131] Inlining function 'hls::axis<ap_uint<64>, 0ul, 0ul, 0ul>::get_dest_ptr()' into 'hls::stream<hls::axis<ap_uint<64>, 0ul, 0ul, 0ul>, 0>::read()' (/home/u200/Xilinx/Vitis_HLS/2021.1/common/technology/autopilot/ap_axi_sdata.h:294:39)
INFO: [HLS 214-131] Inlining function 'hls::axis<ap_uint<64>, 0ul, 0ul, 0ul>::get_id_ptr()' into 'hls::stream<hls::axis<ap_uint<64>, 0ul, 0ul, 0ul>, 0>::read()' (/home/u200/Xilinx/Vitis_HLS/2021.1/common/technology/autopilot/ap_axi_sdata.h:294:23)
INFO: [HLS 214-131] Inlining function 'hls::stream<hls::axis<ap_uint<64>, 0ul, 0ul, 0ul>, 0>::read()' into 'getinstream(hls::stream<hls::axis<ap_uint<64>, 0ul, 0ul, 0ul>, 0>&, hls::stream<data, 0>&, hls::stream<int, 0>&)' (example.cpp:40:21)
INFO: [HLS 214-131] Inlining function 'hls::stream<int, 0>::write(int const&)' into 'getinstream(hls::stream<hls::axis<ap_uint<64>, 0ul, 0ul, 0ul>, 0>&, hls::stream<data, 0>&, hls::stream<int, 0>&)' (example.cpp:45:18)
INFO: [HLS 214-131] Inlining function 'hls::stream<data, 0>::write(data const&)' into 'getinstream(hls::stream<hls::axis<ap_uint<64>, 0ul, 0ul, 0ul>, 0>&, hls::stream<data, 0>&, hls::stream<int, 0>&)' (example.cpp:42:18)
INFO: [HLS 214-131] Inlining function 'hls::stream<int, 0>::read(int&)' into 'hls::stream<int, 0>::read()' (/home/u200/Xilinx/Vitis_HLS/2021.1/common/technology/autopilot/hls_stream_39.h:156:9)
INFO: [HLS 214-131] Inlining function 'hls::stream<data, 0>::read(data&)' into 'hls::stream<data, 0>::read()' (/home/u200/Xilinx/Vitis_HLS/2021.1/common/technology/autopilot/hls_stream_39.h:156:9)
INFO: [HLS 214-131] Inlining function 'hls::stream<int, 0>::read()' into 'streamtoparallelwithburst(hls::stream<data, 0>&, hls::stream<int, 0>&, ap_uint<64>*)' (example.cpp:23:27)
INFO: [HLS 214-131] Inlining function 'hls::stream<data, 0>::read()' into 'streamtoparallelwithburst(hls::stream<data, 0>&, hls::stream<int, 0>&, ap_uint<64>*)' (example.cpp:26:21)
INFO: [HLS 214-131] Inlining function 'hls::stream<data, 4096>::stream()' into 'example(hls::stream<hls::axis<ap_uint<64>, 0ul, 0ul, 0ul>, 0>&, ap_uint<64>*)' (example.cpp:60:32)
INFO: [HLS 214-131] Inlining function 'hls::stream<int, 64>::stream()' into 'example(hls::stream<hls::axis<ap_uint<64>, 0ul, 0ul, 0ul>, 0>&, ap_uint<64>*)' (example.cpp:61:32)
INFO: [HLS 214-241] Aggregating maxi variable 'outTop' with non-compact mode in 64-bits
INFO: [HLS 214-270] Starting automatic array partition analysis...
INFO: [HLS 214-115] Multiple burst writes of variable length and bit width 64 in loop 'VITIS_LOOP_24_2'(example.cpp:24:22) has been inferred on port 'gmem0'. These bursts requests might be further partitioned into multiple requests during RTL generation, based on max_read_burst_length or max_write_burst_length settings. (example.cpp:24:22)
INFO: [HLS 214-131] Inlining function '_llvm.fpga.pack.none.i128.s_struct.datas' into 'getinstream(hls::stream<hls::axis<ap_uint<64>, 0ul, 0ul, 0ul>, 0>&, hls::stream<data, 0>&, hls::stream<int, 0>&) (.1)' (/home/u200/Xilinx/Vitis_HLS/2021.1/common/technology/autopilot/hls_stream_39.h:174:9)
INFO: [HLS 200-111] Finished Compiling Optimization and Transform: CPU user time: 4.05 seconds. CPU system time: 0.63 seconds. Elapsed time: 4.72 seconds; current allocated memory: 254.110 MB.
INFO: [HLS 200-111] Finished Checking Pragmas: CPU user time: 0 seconds. CPU system time: 0 seconds. Elapsed time: 0 seconds; current allocated memory: 254.111 MB.
INFO: [HLS 200-10] Starting code transformations ...
INFO: [HLS 200-111] Finished Standard Transforms: CPU user time: 0.05 seconds. CPU system time: 0 seconds. Elapsed time: 0.06 seconds; current allocated memory: 262.681 MB.
INFO: [HLS 200-10] Checking synthesizability ...
INFO: [HLS 200-111] Finished Checking Synthesizability: CPU user time: 0.1 seconds. CPU system time: 0.02 seconds. Elapsed time: 0.11 seconds; current allocated memory: 274.606 MB.
INFO: [XFORM 203-712] Applying dataflow to function 'example' (example.cpp:60:1), detected/extracted 3 process function(s): 
	 'entry_proc'
	 'getinstream'
	 'streamtoparallelwithburst'.
INFO: [HLS 200-111] Finished Loop, function and other optimizations: CPU user time: 0.17 seconds. CPU system time: 0.02 seconds. Elapsed time: 0.19 seconds; current allocated memory: 308.609 MB.
WARNING: [HLS 200-960] Cannot flatten loop 'VITIS_LOOP_22_1' (example.cpp:21:8) in function 'streamtoparallelwithburst' either the parent loop or sub loop is do-while loop.
INFO: [HLS 200-111] Finished Architecture Synthesis: CPU user time: 0.1 seconds. CPU system time: 0.01 seconds. Elapsed time: 0.12 seconds; current allocated memory: 345.949 MB.
INFO: [HLS 200-10] Starting hardware synthesis ...
INFO: [HLS 200-10] Synthesizing 'example' ...
INFO: [HLS 200-10] ----------------------------------------------------------------
INFO: [HLS 200-42] -- Implementing module 'entry_proc' 
INFO: [HLS 200-10] ----------------------------------------------------------------
INFO: [SCHED 204-11] Starting scheduling ...
INFO: [SCHED 204-11] Finished scheduling.
INFO: [HLS 200-111] Finished Scheduling: CPU user time: 0.05 seconds. CPU system time: 0.02 seconds. Elapsed time: 0.09 seconds; current allocated memory: 346.171 MB.
INFO: [BIND 205-100] Starting micro-architecture generation ...
INFO: [BIND 205-101] Performing variable lifetime analysis.
INFO: [BIND 205-101] Exploring resource sharing.
INFO: [BIND 205-101] Binding ...
INFO: [BIND 205-100] Finished micro-architecture generation.
INFO: [HLS 200-111] Finished Binding: CPU user time: 0.01 seconds. CPU system time: 0.01 seconds. Elapsed time: 0.01 seconds; current allocated memory: 346.228 MB.
INFO: [HLS 200-10] ----------------------------------------------------------------
INFO: [HLS 200-42] -- Implementing module 'getinstream' 
INFO: [HLS 200-10] ----------------------------------------------------------------
INFO: [SCHED 204-11] Starting scheduling ...
INFO: [SCHED 204-61] Pipelining loop 'VITIS_LOOP_38_1'.
INFO: [HLS 200-1470] Pipelining result : Target II = NA, Final II = 1, Depth = 2, loop 'VITIS_LOOP_38_1'
INFO: [SCHED 204-11] Finished scheduling.
INFO: [HLS 200-111] Finished Scheduling: CPU user time: 0.03 seconds. CPU system time: 0 seconds. Elapsed time: 0.03 seconds; current allocated memory: 346.350 MB.
INFO: [BIND 205-100] Starting micro-architecture generation ...
INFO: [BIND 205-101] Performing variable lifetime analysis.
INFO: [BIND 205-101] Exploring resource sharing.
INFO: [BIND 205-101] Binding ...
INFO: [BIND 205-100] Finished micro-architecture generation.
INFO: [HLS 200-111] Finished Binding: CPU user time: 0.02 seconds. CPU system time: 0 seconds. Elapsed time: 0.03 seconds; current allocated memory: 346.500 MB.
INFO: [HLS 200-10] ----------------------------------------------------------------
INFO: [HLS 200-42] -- Implementing module 'streamtoparallelwithburst_Pipeline_VITIS_LOOP_24_2' 
INFO: [HLS 200-10] ----------------------------------------------------------------
INFO: [SCHED 204-11] Starting scheduling ...
INFO: [SCHED 204-61] Pipelining loop 'VITIS_LOOP_24_2'.
INFO: [HLS 200-1470] Pipelining result : Target II = NA, Final II = 1, Depth = 3, loop 'VITIS_LOOP_24_2'
INFO: [SCHED 204-11] Finished scheduling.
INFO: [HLS 200-111] Finished Scheduling: CPU user time: 0.04 seconds. CPU system time: 0.01 seconds. Elapsed time: 0.04 seconds; current allocated memory: 346.602 MB.
INFO: [BIND 205-100] Starting micro-architecture generation ...
INFO: [BIND 205-101] Performing variable lifetime analysis.
INFO: [BIND 205-101] Exploring resource sharing.
INFO: [BIND 205-101] Binding ...
INFO: [BIND 205-100] Finished micro-architecture generation.
INFO: [HLS 200-111] Finished Binding: CPU user time: 0.03 seconds. CPU system time: 0 seconds. Elapsed time: 0.03 seconds; current allocated memory: 346.767 MB.
INFO: [HLS 200-10] ----------------------------------------------------------------
INFO: [HLS 200-42] -- Implementing module 'streamtoparallelwithburst' 
INFO: [HLS 200-10] ----------------------------------------------------------------
INFO: [SCHED 204-11] Starting scheduling ...
INFO: [SCHED 204-11] Finished scheduling.
INFO: [HLS 200-111] Finished Scheduling: CPU user time: 0.06 seconds. CPU system time: 0.01 seconds. Elapsed time: 0.07 seconds; current allocated memory: 346.915 MB.
INFO: [BIND 205-100] Starting micro-architecture generation ...
INFO: [BIND 205-101] Performing variable lifetime analysis.
INFO: [BIND 205-101] Exploring resource sharing.
INFO: [BIND 205-101] Binding ...
INFO: [BIND 205-100] Finished micro-architecture generation.
INFO: [HLS 200-111] Finished Binding: CPU user time: 0.1 seconds. CPU system time: 0 seconds. Elapsed time: 0.1 seconds; current allocated memory: 347.119 MB.
INFO: [HLS 200-10] ----------------------------------------------------------------
INFO: [HLS 200-42] -- Implementing module 'example' 
INFO: [HLS 200-10] ----------------------------------------------------------------
INFO: [SCHED 204-11] Starting scheduling ...
INFO: [SCHED 204-11] Finished scheduling.
INFO: [HLS 200-111] Finished Scheduling: CPU user time: 0.05 seconds. CPU system time: 0 seconds. Elapsed time: 0.06 seconds; current allocated memory: 347.225 MB.
INFO: [BIND 205-100] Starting micro-architecture generation ...
INFO: [BIND 205-101] Performing variable lifetime analysis.
INFO: [BIND 205-101] Exploring resource sharing.
INFO: [BIND 205-101] Binding ...
INFO: [BIND 205-100] Finished micro-architecture generation.
INFO: [HLS 200-111] Finished Binding: CPU user time: 0.04 seconds. CPU system time: 0 seconds. Elapsed time: 0.04 seconds; current allocated memory: 347.399 MB.
INFO: [HLS 200-10] ----------------------------------------------------------------
INFO: [HLS 200-10] -- Generating RTL for module 'entry_proc' 
INFO: [HLS 200-10] ----------------------------------------------------------------
INFO: [RTGEN 206-100] Finished creating RTL model for 'entry_proc'.
INFO: [HLS 200-111] Finished Creating RTL model: CPU user time: 0.04 seconds. CPU system time: 0.01 seconds. Elapsed time: 0.04 seconds; current allocated memory: 347.541 MB.
INFO: [HLS 200-10] ----------------------------------------------------------------
INFO: [HLS 200-10] -- Generating RTL for module 'getinstream' 
INFO: [HLS 200-10] ----------------------------------------------------------------
INFO: [HLS 200-1030] Apply Unified Pipeline Control on module 'getinstream' pipeline 'VITIS_LOOP_38_1' pipeline type 'loop pipeline'
INFO: [RTGEN 206-100] Finished creating RTL model for 'getinstream'.
INFO: [HLS 200-111] Finished Creating RTL model: CPU user time: 0.03 seconds. CPU system time: 0 seconds. Elapsed time: 0.04 seconds; current allocated memory: 348.101 MB.
INFO: [HLS 200-10] ----------------------------------------------------------------
INFO: [HLS 200-10] -- Generating RTL for module 'streamtoparallelwithburst_Pipeline_VITIS_LOOP_24_2' 
INFO: [HLS 200-10] ----------------------------------------------------------------
INFO: [HLS 200-1030] Apply Unified Pipeline Control on module 'streamtoparallelwithburst_Pipeline_VITIS_LOOP_24_2' pipeline 'VITIS_LOOP_24_2' pipeline type 'loop pipeline'
WARNING: [RTGEN 206-101] Setting dangling out port 'streamtoparallelwithburst_Pipeline_VITIS_LOOP_24_2/m_axi_gmem0_AWVALID' to 0.
WARNING: [RTGEN 206-101] Setting dangling out port 'streamtoparallelwithburst_Pipeline_VITIS_LOOP_24_2/m_axi_gmem0_AWADDR' to 0.
WARNING: [RTGEN 206-101] Setting dangling out port 'streamtoparallelwithburst_Pipeline_VITIS_LOOP_24_2/m_axi_gmem0_AWID' to 0.
WARNING: [RTGEN 206-101] Setting dangling out port 'streamtoparallelwithburst_Pipeline_VITIS_LOOP_24_2/m_axi_gmem0_AWLEN' to 0.
WARNING: [RTGEN 206-101] Setting dangling out port 'streamtoparallelwithburst_Pipeline_VITIS_LOOP_24_2/m_axi_gmem0_AWSIZE' to 0.
WARNING: [RTGEN 206-101] Setting dangling out port 'streamtoparallelwithburst_Pipeline_VITIS_LOOP_24_2/m_axi_gmem0_AWBURST' to 0.
WARNING: [RTGEN 206-101] Setting dangling out port 'streamtoparallelwithburst_Pipeline_VITIS_LOOP_24_2/m_axi_gmem0_AWLOCK' to 0.
WARNING: [RTGEN 206-101] Setting dangling out port 'streamtoparallelwithburst_Pipeline_VITIS_LOOP_24_2/m_axi_gmem0_AWCACHE' to 0.
WARNING: [RTGEN 206-101] Setting dangling out port 'streamtoparallelwithburst_Pipeline_VITIS_LOOP_24_2/m_axi_gmem0_AWPROT' to 0.
WARNING: [RTGEN 206-101] Setting dangling out port 'streamtoparallelwithburst_Pipeline_VITIS_LOOP_24_2/m_axi_gmem0_AWQOS' to 0.
WARNING: [RTGEN 206-101] Setting dangling out port 'streamtoparallelwithburst_Pipeline_VITIS_LOOP_24_2/m_axi_gmem0_AWREGION' to 0.
WARNING: [RTGEN 206-101] Setting dangling out port 'streamtoparallelwithburst_Pipeline_VITIS_LOOP_24_2/m_axi_gmem0_AWUSER' to 0.
WARNING: [RTGEN 206-101] Setting dangling out port 'streamtoparallelwithburst_Pipeline_VITIS_LOOP_24_2/m_axi_gmem0_BREADY' to 0.
INFO: [RTGEN 206-100]